{"level":"info","message":"Server is listening on port 3000"}
{"level":"info","message":"Server is listening on port 3000"}
{"level":"info","message":"Server is listening on port 3000"}
{"level":"info","message":"Server is listening on port 3000"}
{"level":"info","message":"Database connected successfully"}
{"level":"info","message":"Database disconnected successfully"}
[2023-06-08 11:07:55.662 PM] info: 	Server is listening on port 3000
[2023-06-08 11:07:59.025 PM] info: 	Database connected successfully
[2023-06-08 11:09:42.056 PM] info: 	Server is listening on port 3000
[2023-06-08 11:09:44.956 PM] info: 	Database connected successfully
[2023-06-08 11:10:38.857 PM] info: 	Server is listening on port 3000
[2023-06-08 11:10:42.051 PM] info: 	Database connected successfully
[2023-06-08 11:11:22.594 PM] info: 	Server is listening on port 3000
[2023-06-08 11:11:25.664 PM] info: 	Database connected successfully
[2023-06-08 11:17:41.757 PM] info: 	Server is listening on port 3000
[2023-06-08 11:17:45.650 PM] info: 	Database connected successfully
[2023-06-08 11:18:17.498 PM] info: 	Server is listening on port 3000
[2023-06-08 11:18:20.936 PM] info: 	Database connected successfully
[2023-06-08 11:18:58.315 PM] info: 	Server is listening on port 3000
[2023-06-08 11:19:01.362 PM] info: 	Database connected successfully
[2023-06-08 11:19:31.369 PM] info: 	878287
[2023-06-08 11:22:08.482 PM] info: 	Server is listening on port 3000
[2023-06-08 11:22:11.415 PM] info: 	Database connected successfully
[2023-06-08 11:22:20.452 PM] info: 	Server is listening on port 3000
[2023-06-08 11:22:23.400 PM] info: 	Database connected successfully
[2023-06-08 11:22:50.808 PM] info: 	Server is listening on port 3000
[2023-06-08 11:22:53.807 PM] info: 	Database connected successfully
[2023-06-08 11:23:03.176 PM] info: 	Server is listening on port 3000
[2023-06-08 11:23:06.260 PM] info: 	Database connected successfully
[2023-06-08 11:23:08.484 PM] info: 	Server is listening on port 3000
[2023-06-08 11:23:11.174 PM] info: 	Database connected successfully
[2023-06-08 11:23:24.629 PM] info: 	843733
[2023-06-08 11:23:28.679 PM] info: 	OTP saved successfully to DB
[2023-06-08 11:24:44.201 PM] info: 	In Auth login  
[2023-06-08 11:24:44.501 PM] info: 	user {
  _id: new ObjectId("64821594d8a829dd47fb2d9d"),
  name: 'Parteek',
  email: 'parteekgarg4@gmail.com',
  password: '$2b$10$s.o/Oa2.jwKQbWrIgeWP/O3axEqGN0kRLgkWK41YrCydAkmWZcg8u',
  isActive: true,
  emailVerified: true,
  role: 'Admin',
  __v: 0
}
[2023-06-08 11:24:44.617 PM] info: 	token eyJhbGciOiJIUzI1NiIsInR5cCI6IkpXVCJ9.eyJfaWQiOiI2NDgyMTU5NGQ4YTgyOWRkNDdmYjJkOWQiLCJuYW1lIjoiUGFydGVlayIsImVtYWlsIjoicGFydGVla2dhcmc0QGdtYWlsLmNvbSIsInJvbGUiOiJBZG1pbiIsImlhdCI6MTY4NjI0Njg4NCwiZXhwIjoxNjg2MzMzMjg0fQ.inIAKgOd9UoYI2jt6TqgsrspzvDfvLHLENqiHBVIhCw
[2023-06-08 11:25:34.830 PM] info: 	Hello from middleware
[2023-06-08 11:25:55.376 PM] info: 	Hello from middleware
[2023-06-08 11:26:07.546 PM] info: 	token eyJhbGciOiJIUzI1NiIsInR5cCI6IkpXVCJ9.eyJfaWQiOiI2NDgyMTU5NGQ4YTgyOWRkNDdmYjJkOWQiLCJuYW1lIjoiUGFydGVlayIsImVtYWlsIjoicGFydGVla2dhcmc0QGdtYWlsLmNvbSIsInJvbGUiOiJBZG1pbiIsImlhdCI6MTY4NjI0Njg4NCwiZXhwIjoxNjg2MzMzMjg0fQ.inIAKgOd9UoYI2jt6TqgsrspzvDfvLHLENqiHBVIhCw
[2023-06-08 11:26:07.548 PM] info: 	In Auth verifyToken 
[2023-06-08 11:26:07.853 PM] info: 	payload [object Object]
[2023-06-08 11:27:27.061 PM] info: 	Server is listening on port 3000
[2023-06-08 11:27:29.777 PM] info: 	Database connected successfully
[2023-06-08 11:27:30.254 PM] info: 	token eyJhbGciOiJIUzI1NiIsInR5cCI6IkpXVCJ9.eyJfaWQiOiI2NDgyMTU5NGQ4YTgyOWRkNDdmYjJkOWQiLCJuYW1lIjoiUGFydGVlayIsImVtYWlsIjoicGFydGVla2dhcmc0QGdtYWlsLmNvbSIsInJvbGUiOiJBZG1pbiIsImlhdCI6MTY4NjI0Njg4NCwiZXhwIjoxNjg2MzMzMjg0fQ.inIAKgOd9UoYI2jt6TqgsrspzvDfvLHLENqiHBVIhCw
[2023-06-08 11:27:30.256 PM] info: 	In Auth verifyToken 
[2023-06-08 11:27:30.701 PM] info: 	payload [object Object]
[2023-06-08 11:28:58.520 PM] info: 	Server is listening on port 3000
[2023-06-08 11:29:01.423 PM] info: 	Database connected successfully
[2023-06-08 11:29:10.370 PM] info: 	token eyJhbGciOiJIUzI1NiIsInR5cCI6IkpXVCJ9.eyJfaWQiOiI2NDgyMTU5NGQ4YTgyOWRkNDdmYjJkOWQiLCJuYW1lIjoiUGFydGVlayIsImVtYWlsIjoicGFydGVla2dhcmc0QGdtYWlsLmNvbSIsInJvbGUiOiJBZG1pbiIsImlhdCI6MTY4NjI0Njg4NCwiZXhwIjoxNjg2MzMzMjg0fQ.inIAKgOd9UoYI2jt6TqgsrspzvDfvLHLENqiHBVIhCw
[2023-06-08 11:29:10.372 PM] info: 	In Auth verifyToken 
[2023-06-08 11:29:48.576 PM] info: 	Server is listening on port 3000
[2023-06-08 11:29:51.198 PM] info: 	Database connected successfully
[2023-06-08 11:29:52.920 PM] info: 	token eyJhbGciOiJIUzI1NiIsInR5cCI6IkpXVCJ9.eyJfaWQiOiI2NDgyMTU5NGQ4YTgyOWRkNDdmYjJkOWQiLCJuYW1lIjoiUGFydGVlayIsImVtYWlsIjoicGFydGVla2dhcmc0QGdtYWlsLmNvbSIsInJvbGUiOiJBZG1pbiIsImlhdCI6MTY4NjI0Njg4NCwiZXhwIjoxNjg2MzMzMjg0fQ.inIAKgOd9UoYI2jt6TqgsrspzvDfvLHLENqiHBVIhCw
[2023-06-08 11:29:52.922 PM] info: 	In Auth verifyToken 
[2023-06-08 11:29:52.926 PM] info: 	[object Object]
[2023-06-08 11:35:46.465 PM] info: 	Server is listening on port 3000
[2023-06-08 11:35:49.298 PM] info: 	Database connected successfully
[2023-06-08 11:35:50.022 PM] info: 	token eyJhbGciOiJIUzI1NiIsInR5cCI6IkpXVCJ9.eyJfaWQiOiI2NDgyMTU5NGQ4YTgyOWRkNDdmYjJkOWQiLCJuYW1lIjoiUGFydGVlayIsImVtYWlsIjoicGFydGVla2dhcmc0QGdtYWlsLmNvbSIsInJvbGUiOiJBZG1pbiIsImlhdCI6MTY4NjI0Njg4NCwiZXhwIjoxNjg2MzMzMjg0fQ.inIAKgOd9UoYI2jt6TqgsrspzvDfvLHLENqiHBVIhCw
[2023-06-08 11:35:50.023 PM] info: 	In Auth verifyToken 
[2023-06-08 11:35:50.024 PM] info: 	eyJhbGciOiJIUzI1NiIsInR5cCI6IkpXVCJ9.eyJfaWQiOiI2NDgyMTU5NGQ4YTgyOWRkNDdmYjJkOWQiLCJuYW1lIjoiUGFydGVlayIsImVtYWlsIjoicGFydGVla2dhcmc0QGdtYWlsLmNvbSIsInJvbGUiOiJBZG1pbiIsImlhdCI6MTY4NjI0Njg4NCwiZXhwIjoxNjg2MzMzMjg0fQ.inIAKgOd9UoYI2jt6TqgsrspzvDfvLHLENqiHBVIhCw
[2023-06-08 11:35:50.029 PM] info: 	[object Object]
[2023-06-08 11:36:32.333 PM] info: 	Server is listening on port 3000
[2023-06-08 11:36:35.165 PM] info: 	Database connected successfully
[2023-06-08 11:36:37.571 PM] info: 	token eyJhbGciOiJIUzI1NiIsInR5cCI6IkpXVCJ9.eyJfaWQiOiI2NDgyMTU5NGQ4YTgyOWRkNDdmYjJkOWQiLCJuYW1lIjoiUGFydGVlayIsImVtYWlsIjoicGFydGVla2dhcmc0QGdtYWlsLmNvbSIsInJvbGUiOiJBZG1pbiIsImlhdCI6MTY4NjI0Njg4NCwiZXhwIjoxNjg2MzMzMjg0fQ.inIAKgOd9UoYI2jt6TqgsrspzvDfvLHLENqiHBVIhCw
[2023-06-08 11:36:37.573 PM] info: 	In Auth verifyToken 
[2023-06-08 11:36:37.574 PM] info: 	eyJhbGciOiJIUzI1NiIsInR5cCI6IkpXVCJ9.eyJfaWQiOiI2NDgyMTU5NGQ4YTgyOWRkNDdmYjJkOWQiLCJuYW1lIjoiUGFydGVlayIsImVtYWlsIjoicGFydGVla2dhcmc0QGdtYWlsLmNvbSIsInJvbGUiOiJBZG1pbiIsImlhdCI6MTY4NjI0Njg4NCwiZXhwIjoxNjg2MzMzMjg0fQ.inIAKgOd9UoYI2jt6TqgsrspzvDfvLHLENqiHBVIhCw
[2023-06-08 11:36:37.579 PM] info: 	64821594d8a829dd47fb2d9d
[2023-06-08 11:42:24.303 PM] info: 	Server is listening on port 3000
[2023-06-08 11:42:27.439 PM] info: 	Database connected successfully
[2023-06-08 11:43:14.388 PM] info: 	token eyJhbGciOiJIUzI1NiIsInR5cCI6IkpXVCJ9.eyJfaWQiOiI2NDgyMTU5NGQ4YTgyOWRkNDdmYjJkOWQiLCJuYW1lIjoiUGFydGVlayIsImVtYWlsIjoicGFydGVla2dhcmc0QGdtYWlsLmNvbSIsInJvbGUiOiJBZG1pbiIsImlhdCI6MTY4NjI0Njg4NCwiZXhwIjoxNjg2MzMzMjg0fQ.inIAKgOd9UoYI2jt6TqgsrspzvDfvLHLENqiHBVIhCw
[2023-06-08 11:43:14.391 PM] info: 	In Auth verifyToken 
[2023-06-08 11:43:14.747 PM] info: 	In Auth logout 
[2023-06-08 11:44:07.087 PM] info: 	Database disconnected successfully
[2023-06-09 11:11:01.469 AM] info: 	Server is listening on port 3000
[2023-06-09 11:11:03.762 AM] info: 	Database connected successfully
[2023-06-09 12:01:44.074 PM] info: 	Server is listening on port 3000
[2023-06-09 12:01:46.414 PM] info: 	Database connected successfully
[2023-06-09 12:02:52.465 PM] info: 	In Auth login  
[2023-06-09 12:02:52.705 PM] error: 	User not found
[2023-06-09 12:03:14.332 PM] info: 	In Auth login  
[2023-06-09 12:03:14.671 PM] error: 	Invalid credentials
[2023-06-09 12:05:34.279 PM] info: 	Server is listening on port 3000
[2023-06-09 12:05:37.716 PM] info: 	Database connected successfully
[2023-06-09 12:06:05.375 PM] info: 	In Auth login  
[2023-06-09 12:06:05.640 PM] error: 	User not found
[2023-06-09 12:10:00.334 PM] info: 	In Auth login  
[2023-06-09 12:10:00.648 PM] error: 	Invalid credentials
[2023-06-09 12:10:04.500 PM] info: 	In Auth login  
[2023-06-09 12:10:04.878 PM] info: 	token eyJhbGciOiJIUzI1NiIsInR5cCI6IkpXVCJ9.eyJfaWQiOiI2NDdkYjk1MTJlN2MzZTkzMDc5NjNhM2IiLCJpYXQiOjE2ODYyOTI4MDQsImV4cCI6MTY4NjM3OTIwNH0.5JvzWJe_TNrHwtz2EYHPgHsa9Pa4bHy0g9f1I7AqTPg
[2023-06-09 12:10:29.438 PM] info: 	token eyJhbGciOiJIUzI1NiIsInR5cCI6IkpXVCJ9.eyJfaWQiOiI2NDdkYjk1MTJlN2MzZTkzMDc5NjNhM2IiLCJpYXQiOjE2ODYyOTI4MDQsImV4cCI6MTY4NjM3OTIwNH0.5JvzWJe_TNrHwtz2EYHPgHsa9Pa4bHy0g9f1I7AqTPg
[2023-06-09 12:10:29.440 PM] info: 	In Auth verifyToken 
[2023-06-09 12:10:29.679 PM] info: 	In Auth logout 
[2023-06-09 12:11:11.755 PM] info: 	Server is listening on port 3000
[2023-06-09 12:11:14.086 PM] info: 	Database connected successfully
[2023-06-09 12:11:20.250 PM] info: 	In Auth login  
[2023-06-09 12:11:20.601 PM] info: 	token eyJhbGciOiJIUzI1NiIsInR5cCI6IkpXVCJ9.eyJfaWQiOiI2NDdkYjk1MTJlN2MzZTkzMDc5NjNhM2IiLCJpYXQiOjE2ODYyOTI4ODAsImV4cCI6MTY4NjM3OTI4MH0.eFrGjq-bt2Ta1Di0iIZAXdSfW-6bgWwIEhEP-x40K8w
[2023-06-09 12:11:34.110 PM] info: 	token eyJhbGciOiJIUzI1NiIsInR5cCI6IkpXVCJ9.eyJfaWQiOiI2NDdkYjk1MTJlN2MzZTkzMDc5NjNhM2IiLCJpYXQiOjE2ODYyOTI4MDQsImV4cCI6MTY4NjM3OTIwNH0.5JvzWJe_TNrHwtz2EYHPgHsa9Pa4bHy0g9f1I7AqTPg
[2023-06-09 12:11:34.112 PM] info: 	In Auth verifyToken 
[2023-06-09 12:11:34.348 PM] error: 	Access Denied. please login
[2023-06-09 12:11:42.602 PM] info: 	token eyJhbGciOiJIUzI1NiIsInR5cCI6IkpXVCJ9.eyJfaWQiOiI2NDdkYjk1MTJlN2MzZTkzMDc5NjNhM2IiLCJpYXQiOjE2ODYyOTI4ODAsImV4cCI6MTY4NjM3OTI4MH0.eFrGjq-bt2Ta1Di0iIZAXdSfW-6bgWwIEhEP-x40K8w
[2023-06-09 12:11:42.603 PM] info: 	In Auth verifyToken 
[2023-06-09 12:11:42.864 PM] info: 	In Auth logout 
[2023-06-09 12:12:11.190 PM] info: 	Server is listening on port 3000
[2023-06-09 12:12:17.038 PM] info: 	In Auth login  
[2023-06-09 12:12:17.547 PM] info: 	Database connected successfully
[2023-06-09 12:12:18.097 PM] info: 	token eyJhbGciOiJIUzI1NiIsInR5cCI6IkpXVCJ9.eyJfaWQiOiI2NDdkYjk1MTJlN2MzZTkzMDc5NjNhM2IiLCJpYXQiOjE2ODYyOTI5MzgsImV4cCI6MTY4NjM3OTMzOH0.UDG3YQBcohSMr8Npgaa1hockIrnTJwTMNCZMaWe-dJw
[2023-06-09 12:12:35.431 PM] info: 	token eyJhbGciOiJIUzI1NiIsInR5cCI6IkpXVCJ9.eyJfaWQiOiI2NDdkYjk1MTJlN2MzZTkzMDc5NjNhM2IiLCJpYXQiOjE2ODYyOTI5MzgsImV4cCI6MTY4NjM3OTMzOH0.UDG3YQBcohSMr8Npgaa1hockIrnTJwTMNCZMaWe-dJw
[2023-06-09 12:12:35.432 PM] info: 	In Auth verifyToken 
[2023-06-09 12:12:35.660 PM] info: 	In Auth logout 
[2023-06-09 12:13:12.359 PM] info: 	Server is listening on port 3000
[2023-06-09 12:13:14.523 PM] info: 	Database connected successfully
[2023-06-09 12:13:38.780 PM] info: 	Database disconnected successfully
